[debug] [2026-03-16T21:27:28.618Z] ----------------------------------------------------------------------
[debug] [2026-03-16T21:27:28.620Z] Command:       /home/adam/.nvm/versions/node/v24.14.0/bin/node /home/adam/.nvm/versions/node/v24.14.0/bin/firebase init
[debug] [2026-03-16T21:27:28.620Z] CLI Version:   15.10.1
[debug] [2026-03-16T21:27:28.620Z] Platform:      linux
[debug] [2026-03-16T21:27:28.620Z] Node Version:  v24.14.0
[debug] [2026-03-16T21:27:28.620Z] Time:          Tue Mar 17 2026 00:27:28 GMT+0300 (GMT+03:00)
[debug] [2026-03-16T21:27:28.621Z] ----------------------------------------------------------------------
[debug] 
[info] 
     ######## #### ########  ######## ########     ###     ######  ########
     ##        ##  ##     ## ##       ##     ##  ##   ##  ##       ##
     ######    ##  ########  ######   ########  #########  ######  ######
     ##        ##  ##    ##  ##       ##     ## ##     ##       ## ##
     ##       #### ##     ## ######## ########  ##     ##  ######  ########

You're about to initialize a Firebase project in this directory:

  /home/adam/SDT/PROGRAMING/todo-and-reminders

[debug] [2026-03-16T21:27:42.467Z] ExitPromptError: User force closed the prompt with SIGINT
    at Interface.sigint (/home/adam/.nvm/versions/node/v24.14.0/lib/node_modules/firebase-tools/node_modules/@inquirer/core/dist/commonjs/lib/create-prompt.js:101:37)
    at Interface.emit (node:events:508:28)
    at [_ttyWrite] [as _ttyWrite] (node:internal/readline/interface:1327:18)
    at ReadStream.onkeypress (node:internal/readline/interface:284:20)
    at ReadStream.emit (node:events:520:35)
    at emitKeys (node:internal/readline/utils:371:14)
    at emitKeys.next (<anonymous>)
    at ReadStream.onData (node:internal/readline/emitKeypressEvents:64:36)
    at ReadStream.emit (node:events:508:28)
    at addChunk (node:internal/streams/readable:563:12)
[error] 
[error] Error: An unexpected error has occurred.
[debug] [2026-03-16T21:27:44.176Z] ----------------------------------------------------------------------
[debug] [2026-03-16T21:27:44.178Z] Command:       /home/adam/.nvm/versions/node/v24.14.0/bin/node /home/adam/.nvm/versions/node/v24.14.0/bin/firebase init
[debug] [2026-03-16T21:27:44.178Z] CLI Version:   15.10.1
[debug] [2026-03-16T21:27:44.178Z] Platform:      linux
[debug] [2026-03-16T21:27:44.178Z] Node Version:  v24.14.0
[debug] [2026-03-16T21:27:44.178Z] Time:          Tue Mar 17 2026 00:27:44 GMT+0300 (GMT+03:00)
[debug] [2026-03-16T21:27:44.179Z] ----------------------------------------------------------------------
[debug] 
[info] 
     ######## #### ########  ######## ########     ###     ######  ########
     ##        ##  ##     ## ##       ##     ##  ##   ##  ##       ##
     ######    ##  ########  ######   ########  #########  ######  ######
     ##        ##  ##    ##  ##       ##     ## ##     ##       ## ##
     ##       #### ##     ## ######## ########  ##     ##  ######  ########

You're about to initialize a Firebase project in this directory:

  /home/adam/SDT/PROGRAMING/todo-and-reminders

[debug] [2026-03-16T22:32:36.095Z] Error: setRawMode EIO
    at ReadStream.setRawMode (node:tty:81:24)
    at [_setRawMode] [as _setRawMode] (node:internal/readline/interface:418:18)
    at Interface.close (node:internal/readline/interface:552:24)
    at ReadStream.ontermend (node:internal/readline/interface:280:10)
    at ReadStream.emit (node:events:520:35)
    at endReadableNT (node:internal/streams/readable:1729:12)
    at process.processTicksAndRejections (node:internal/process/task_queues:90:21)
[error] 
[error] Error: An unexpected error has occurred.
[debug] [2026-03-16T22:32:36.096Z] Error: write EIO
    at afterWriteDispatched (node:internal/stream_base_commons:159:15)
    at writeGeneric (node:internal/stream_base_commons:150:3)
    at Socket._writeGeneric (node:net:966:11)
    at Socket._write (node:net:978:8)
    at writeOrBuffer (node:internal/streams/writable:570:12)
    at _write (node:internal/streams/writable:499:10)
    at Writable.write (node:internal/streams/writable:508:10)
    at Console.log (/home/adam/.nvm/versions/node/v24.14.0/lib/node_modules/firebase-tools/node_modules/winston/lib/winston/transports/console.js:87:23)
    at Console._write (/home/adam/.nvm/versions/node/v24.14.0/lib/node_modules/firebase-tools/node_modules/winston-transport/modern.js:103:17)
    at doWrite (/home/adam/.nvm/versions/node/v24.14.0/lib/node_modules/firebase-tools/node_modules/winston-transport/node_modules/readable-stream/lib/_stream_writable.js:390:139)
[error] 
[error] Error: An unexpected error has occurred.
[debug] [2026-03-16T22:32:36.097Z] Error: write EIO
    at afterWriteDispatched (node:internal/stream_base_commons:159:15)
    at writeGeneric (node:internal/stream_base_commons:150:3)
    at Socket._writeGeneric (node:net:966:11)
    at Socket._write (node:net:978:8)
    at writeOrBuffer (node:internal/streams/writable:570:12)
    at _write (node:internal/streams/writable:499:10)
    at Writable.write (node:internal/streams/writable:508:10)
    at Console.log (/home/adam/.nvm/versions/node/v24.14.0/lib/node_modules/firebase-tools/node_modules/winston/lib/winston/transports/console.js:87:23)
    at Console._write (/home/adam/.nvm/versions/node/v24.14.0/lib/node_modules/firebase-tools/node_modules/winston-transport/modern.js:103:17)
    at doWrite (/home/adam/.nvm/versions/node/v24.14.0/lib/node_modules/firebase-tools/node_modules/winston-transport/node_modules/readable-stream/lib/_stream_writable.js:390:139)
[error] 
[error] Error: An unexpected error has occurred.
[debug] [2026-03-16T22:32:36.097Z] Error: write EIO
    at afterWriteDispatched (node:internal/stream_base_commons:159:15)
    at writeGeneric (node:internal/stream_base_commons:150:3)
    at Socket._writeGeneric (node:net:966:11)
    at Socket._write (node:net:978:8)
    at writeOrBuffer (node:internal/streams/writable:570:12)
    at _write (node:internal/streams/writable:499:10)
    at Writable.write (node:internal/streams/writable:508:10)
    at Console.log (/home/adam/.nvm/versions/node/v24.14.0/lib/node_modules/firebase-tools/node_modules/winston/lib/winston/transports/console.js:87:23)
    at Console._write (/home/adam/.nvm/versions/node/v24.14.0/lib/node_modules/firebase-tools/node_modules/winston-transport/modern.js:103:17)
    at doWrite (/home/adam/.nvm/versions/node/v24.14.0/lib/node_modules/firebase-tools/node_modules/winston-transport/node_modules/readable-stream/lib/_stream_writable.js:390:139)
[error] 
[error] Error: An unexpected error has occurred.
[debug] [2026-03-16T22:32:36.097Z] Error: write EIO
    at afterWriteDispatched (node:internal/stream_base_commons:159:15)
    at writeGeneric (node:internal/stream_base_commons:150:3)
    at Socket._writeGeneric (node:net:966:11)
    at Socket._write (node:net:978:8)
    at writeOrBuffer (node:internal/streams/writable:570:12)
    at _write (node:internal/streams/writable:499:10)
    at Writable.write (node:internal/streams/writable:508:10)
    at Console.log (/home/adam/.nvm/versions/node/v24.14.0/lib/node_modules/firebase-tools/node_modules/winston/lib/winston/transports/console.js:87:23)
    at Console._write (/home/adam/.nvm/versions/node/v24.14.0/lib/node_modules/firebase-tools/node_modules/winston-transport/modern.js:103:17)
    at doWrite (/home/adam/.nvm/versions/node/v24.14.0/lib/node_modules/firebase-tools/node_modules/winston-transport/node_modules/readable-stream/lib/_stream_writable.js:390:139)
[error] 
[error] Error: An unexpected error has occurred.
[debug] [2026-03-16T22:32:36.098Z] Error: write EIO
    at afterWriteDispatched (node:internal/stream_base_commons:159:15)
    at writeGeneric (node:internal/stream_base_commons:150:3)
    at Socket._writeGeneric (node:net:966:11)
    at Socket._write (node:net:978:8)
    at writeOrBuffer (node:internal/streams/writable:570:12)
    at _write (node:internal/streams/writable:499:10)
    at Writable.write (node:internal/streams/writable:508:10)
    at Console.log (/home/adam/.nvm/versions/node/v24.14.0/lib/node_modules/firebase-tools/node_modules/winston/lib/winston/transports/console.js:87:23)
    at Console._write (/home/adam/.nvm/versions/node/v24.14.0/lib/node_modules/firebase-tools/node_modules/winston-transport/modern.js:103:17)
    at doWrite (/home/adam/.nvm/versions/node/v24.14.0/lib/node_modules/firebase-tools/node_modules/winston-transport/node_modules/readable-stream/lib/_stream_writable.js:390:139)
[error] 
[error] Error: An unexpected error has occurred.
[debug] [2026-03-16T22:32:36.098Z] Error: write EIO
    at afterWriteDispatched (node:internal/stream_base_commons:159:15)
    at writeGeneric (node:internal/stream_base_commons:150:3)
    at Socket._writeGeneric (node:net:966:11)
    at Socket._write (node:net:978:8)
    at writeOrBuffer (node:internal/streams/writable:570:12)
    at _write (node:internal/streams/writable:499:10)
    at Writable.write (node:internal/streams/writable:508:10)
    at Console.log (/home/adam/.nvm/versions/node/v24.14.0/lib/node_modules/firebase-tools/node_modules/winston/lib/winston/transports/console.js:87:23)
    at Console._write (/home/adam/.nvm/versions/node/v24.14.0/lib/node_modules/firebase-tools/node_modules/winston-transport/modern.js:103:17)
    at doWrite (/home/adam/.nvm/versions/node/v24.14.0/lib/node_modules/firebase-tools/node_modules/winston-transport/node_modules/readable-stream/lib/_stream_writable.js:390:139)
[error] 
[error] Error: An unexpected error has occurred.
[debug] [2026-03-16T22:32:36.098Z] Error: write EIO
    at afterWriteDispatched (node:internal/stream_base_commons:159:15)
    at writeGeneric (node:internal/stream_base_commons:150:3)
    at Socket._writeGeneric (node:net:966:11)
    at Socket._write (node:net:978:8)
    at writeOrBuffer (node:internal/streams/writable:570:12)
    at _write (node:internal/streams/writable:499:10)
    at Writable.write (node:internal/streams/writable:508:10)
    at Console.log (/home/adam/.nvm/versions/node/v24.14.0/lib/node_modules/firebase-tools/node_modules/winston/lib/winston/transports/console.js:87:23)
    at Console._write (/home/adam/.nvm/versions/node/v24.14.0/lib/node_modules/firebase-tools/node_modules/winston-transport/modern.js:103:17)
    at doWrite (/home/adam/.nvm/versions/node/v24.14.0/lib/node_modules/firebase-tools/node_modules/winston-transport/node_modules/readable-stream/lib/_stream_writable.js:390:139)
[error] 
[error] Error: An unexpected error has occurred.
